Cache hit/miss threshold: 140 cycles
Starting Flush+Reload probing...
Collected 1000 samples
Sample    0:  380 cycles (Cache Miss)
Sample    1:  380 cycles (Cache Miss)
Sample    2:    0 cycles (Cache Hit)
Sample    3:  341 cycles (Cache Miss)
Sample    4:  331 cycles (Cache Miss)
Sample    5:  412 cycles (Cache Miss)
Sample    6:  354 cycles (Cache Miss)
Sample    7:  467 cycles (Cache Miss)
Sample    8:  364 cycles (Cache Miss)
Sample    9:  302 cycles (Cache Miss)
Sample   10:  388 cycles (Cache Miss)
Sample   11:  317 cycles (Cache Miss)
Sample   12:  530 cycles (Cache Miss)
Sample   13:  581 cycles (Cache Miss)
Sample   14:  429 cycles (Cache Miss)
Sample   15:  510 cycles (Cache Miss)
Sample   16:  402 cycles (Cache Miss)
Sample   17:  402 cycles (Cache Miss)
Sample   18:  408 cycles (Cache Miss)
Sample   19:  486 cycles (Cache Miss)
Sample   20:  357 cycles (Cache Miss)
Sample   21:  343 cycles (Cache Miss)
Sample   22:  374 cycles (Cache Miss)
Sample   23:  380 cycles (Cache Miss)
Sample   24:  437 cycles (Cache Miss)
Sample   25:  425 cycles (Cache Miss)
Sample   26:  325 cycles (Cache Miss)
Sample   27:  321 cycles (Cache Miss)
Sample   28:  497 cycles (Cache Miss)
Sample   29:  372 cycles (Cache Miss)
Sample   30:  437 cycles (Cache Miss)
Sample   31:  440 cycles (Cache Miss)
Sample   32:  384 cycles (Cache Miss)
Sample   33:  384 cycles (Cache Miss)
Sample   34:  356 cycles (Cache Miss)
Sample   35:  390 cycles (Cache Miss)
Sample   36:  471 cycles (Cache Miss)
Sample   37:  508 cycles (Cache Miss)
Sample   38:  384 cycles (Cache Miss)
Sample   39:  421 cycles (Cache Miss)
Sample   40:  412 cycles (Cache Miss)
Sample   41:  394 cycles (Cache Miss)
Sample   42:  293 cycles (Cache Miss)
Sample   43:  360 cycles (Cache Miss)
Sample   44:  404 cycles (Cache Miss)
Sample   45:  401 cycles (Cache Miss)
Sample   46:  357 cycles (Cache Miss)
Sample   47:  430 cycles (Cache Miss)
Sample   48:  478 cycles (Cache Miss)
Sample   49:  330 cycles (Cache Miss)
Sample   50:  392 cycles (Cache Miss)
Sample   51:  394 cycles (Cache Miss)
Sample   52:  425 cycles (Cache Miss)
Sample   53:  437 cycles (Cache Miss)
Sample   54:  603 cycles (Cache Miss)
Sample   55:  469 cycles (Cache Miss)
Sample   56:  378 cycles (Cache Miss)
Sample   57:  451 cycles (Cache Miss)
Sample   58:  284 cycles (Cache Miss)
Sample   59:  497 cycles (Cache Miss)
Sample   60:  526 cycles (Cache Miss)
Sample   61:  498 cycles (Cache Miss)
Sample   62:  432 cycles (Cache Miss)
Sample   63:  467 cycles (Cache Miss)
Sample   64:  437 cycles (Cache Miss)
Sample   65:  317 cycles (Cache Miss)
Sample   66:  400 cycles (Cache Miss)
Sample   67:  354 cycles (Cache Miss)
Sample   68:  396 cycles (Cache Miss)
Sample   69: 1713 cycles (Cache Miss)
Sample   70:    0 cycles (Cache Hit)
Sample   71:    0 cycles (Cache Hit)
Sample   72:  313 cycles (Cache Miss)
Sample   73:  331 cycles (Cache Miss)
Sample   74:  441 cycles (Cache Miss)
Sample   75:  356 cycles (Cache Miss)
Sample   76:  366 cycles (Cache Miss)
Sample   77:  390 cycles (Cache Miss)
Sample   78:  421 cycles (Cache Miss)
Sample   79:  311 cycles (Cache Miss)
Sample   80:  335 cycles (Cache Miss)
Sample   81:  430 cycles (Cache Miss)
Sample   82:  409 cycles (Cache Miss)
Sample   83:  455 cycles (Cache Miss)
Sample   84:  463 cycles (Cache Miss)
Sample   85:  550 cycles (Cache Miss)
Sample   86:  473 cycles (Cache Miss)
Sample   87:  375 cycles (Cache Miss)
Sample   88: 1915 cycles (Cache Miss)
Sample   89:    0 cycles (Cache Hit)
Sample   90:    0 cycles (Cache Hit)
Sample   91:  414 cycles (Cache Miss)
Sample   92:  412 cycles (Cache Miss)
Sample   93:  551 cycles (Cache Miss)
Sample   94:  398 cycles (Cache Miss)
Sample   95:  358 cycles (Cache Miss)
Sample   96:  302 cycles (Cache Miss)
Sample   97:  400 cycles (Cache Miss)
Sample   98:  497 cycles (Cache Miss)
Sample   99:  358 cycles (Cache Miss)
Sample  100:  333 cycles (Cache Miss)
Sample  101:  373 cycles (Cache Miss)
Sample  102:  339 cycles (Cache Miss)
Sample  103:  347 cycles (Cache Miss)
Sample  104:  518 cycles (Cache Miss)
Sample  105:  455 cycles (Cache Miss)
Sample  106:  345 cycles (Cache Miss)
Sample  107: 1902 cycles (Cache Miss)
Sample  108:    0 cycles (Cache Hit)
Sample  109:    0 cycles (Cache Hit)
Sample  110:  739 cycles (Cache Miss)
Sample  111:  466 cycles (Cache Miss)
Sample  112:  410 cycles (Cache Miss)
Sample  113:  356 cycles (Cache Miss)
Sample  114:  538 cycles (Cache Miss)
Sample  115:  388 cycles (Cache Miss)
Sample  116:  372 cycles (Cache Miss)
Sample  117:  443 cycles (Cache Miss)
Sample  118:  703 cycles (Cache Miss)
Sample  119:  408 cycles (Cache Miss)
Sample  120:  420 cycles (Cache Miss)
Sample  121:  370 cycles (Cache Miss)
Sample  122:  475 cycles (Cache Miss)
Sample  123:  416 cycles (Cache Miss)
Sample  124:  319 cycles (Cache Miss)
Sample  125:  359 cycles (Cache Miss)
Sample  126: 1871 cycles (Cache Miss)
Sample  127:    0 cycles (Cache Hit)
Sample  128:    0 cycles (Cache Hit)
Sample  129:  378 cycles (Cache Miss)
Sample  130:    0 cycles (Cache Hit)
Sample  131:    0 cycles (Cache Hit)
Sample  132:  388 cycles (Cache Miss)
Sample  133:  375 cycles (Cache Miss)
Sample  134:  378 cycles (Cache Miss)
Sample  135:  341 cycles (Cache Miss)
Sample  136:  335 cycles (Cache Miss)
Sample  137:  321 cycles (Cache Miss)
Sample  138:  371 cycles (Cache Miss)
Sample  139:  376 cycles (Cache Miss)
Sample  140:  360 cycles (Cache Miss)
Sample  141:  407 cycles (Cache Miss)
Sample  142:  439 cycles (Cache Miss)
Sample  143:  362 cycles (Cache Miss)
Sample  144:  738 cycles (Cache Miss)
Sample  145: 1700 cycles (Cache Miss)
Sample  146:    0 cycles (Cache Hit)
Sample  147:    0 cycles (Cache Hit)
Sample  148:  355 cycles (Cache Miss)
Sample  149:  484 cycles (Cache Miss)
Sample  150:  376 cycles (Cache Miss)
Sample  151:  423 cycles (Cache Miss)
Sample  152:  300 cycles (Cache Miss)
Sample  153:  380 cycles (Cache Miss)
Sample  154:  441 cycles (Cache Miss)
Sample  155:  394 cycles (Cache Miss)
Sample  156:  287 cycles (Cache Miss)
Sample  157:  367 cycles (Cache Miss)
Sample  158:  341 cycles (Cache Miss)
Sample  159:  339 cycles (Cache Miss)
Sample  160:  381 cycles (Cache Miss)
Sample  161:  358 cycles (Cache Miss)
Sample  162:  378 cycles (Cache Miss)
Sample  163:  362 cycles (Cache Miss)
Sample  164: 1649 cycles (Cache Miss)
Sample  165:    0 cycles (Cache Hit)
Sample  166:    0 cycles (Cache Hit)
Sample  167:  313 cycles (Cache Miss)
Sample  168:  425 cycles (Cache Miss)
Sample  169:    0 cycles (Cache Hit)
Sample  170:  353 cycles (Cache Miss)
Sample  171:  354 cycles (Cache Miss)
Sample  172:  303 cycles (Cache Miss)
Sample  173:  415 cycles (Cache Miss)
Sample  174:  429 cycles (Cache Miss)
Sample  175:  520 cycles (Cache Miss)
Sample  176:  379 cycles (Cache Miss)
Sample  177:  544 cycles (Cache Miss)
Sample  178:  395 cycles (Cache Miss)
Sample  179:  420 cycles (Cache Miss)
Sample  180:  339 cycles (Cache Miss)
Sample  181:  492 cycles (Cache Miss)
Sample  182:  288 cycles (Cache Miss)
Sample  183: 1714 cycles (Cache Miss)
Sample  184:    0 cycles (Cache Hit)
Sample  185:    0 cycles (Cache Hit)
Sample  186:  410 cycles (Cache Miss)
Sample  187:  382 cycles (Cache Miss)
Sample  188:  337 cycles (Cache Miss)
Sample  189:  288 cycles (Cache Miss)
Sample  190:  356 cycles (Cache Miss)
Sample  191:  388 cycles (Cache Miss)
Sample  192:  331 cycles (Cache Miss)
Sample  193:  516 cycles (Cache Miss)
Sample  194:  368 cycles (Cache Miss)
Sample  195:  755 cycles (Cache Miss)
Sample  196:  364 cycles (Cache Miss)
Sample  197:  327 cycles (Cache Miss)
Sample  198:  347 cycles (Cache Miss)
Sample  199:  384 cycles (Cache Miss)
Sample  200:  463 cycles (Cache Miss)
Sample  201:  343 cycles (Cache Miss)
Sample  202: 1097 cycles (Cache Miss)
Sample  203:    0 cycles (Cache Hit)
Sample  204: 11066 cycles (Cache Miss)
Sample  205:    0 cycles (Cache Hit)
Sample  206:    0 cycles (Cache Hit)
Sample  207:    0 cycles (Cache Hit)
Sample  208:    0 cycles (Cache Hit)
Sample  209:    0 cycles (Cache Hit)
Sample  210:    0 cycles (Cache Hit)
Sample  211:    0 cycles (Cache Hit)
Sample  212:    0 cycles (Cache Hit)
Sample  213:    0 cycles (Cache Hit)
Sample  214:    0 cycles (Cache Hit)
Sample  215:    0 cycles (Cache Hit)
Sample  216:    0 cycles (Cache Hit)
Sample  217:  632 cycles (Cache Miss)
Sample  218:  345 cycles (Cache Miss)
Sample  219:  408 cycles (Cache Miss)
Sample  220:  819 cycles (Cache Miss)
Sample  221:    0 cycles (Cache Hit)
Sample  222:  361 cycles (Cache Miss)
Sample  223:  860 cycles (Cache Miss)
Sample  224:    0 cycles (Cache Hit)
Sample  225:  585 cycles (Cache Miss)
Sample  226:  780 cycles (Cache Miss)
Sample  227:    0 cycles (Cache Hit)
Sample  228:  606 cycles (Cache Miss)
Sample  229:  398 cycles (Cache Miss)
Sample  230:  346 cycles (Cache Miss)
Sample  231:  660 cycles (Cache Miss)
Sample  232:  418 cycles (Cache Miss)
Sample  233:  594 cycles (Cache Miss)
Sample  234:    0 cycles (Cache Hit)
Sample  235:  671 cycles (Cache Miss)
Sample  236:  835 cycles (Cache Miss)
Sample  237:    0 cycles (Cache Hit)
Sample  238:  481 cycles (Cache Miss)
Sample  239:  451 cycles (Cache Miss)
Sample  240:  677 cycles (Cache Miss)
Sample  241:  388 cycles (Cache Miss)
Sample  242:  790 cycles (Cache Miss)
Sample  243:    0 cycles (Cache Hit)
Sample  244:  845 cycles (Cache Miss)
Sample  245:    0 cycles (Cache Hit)
Sample  246:  884 cycles (Cache Miss)
Sample  247:    0 cycles (Cache Hit)
Sample  248:  638 cycles (Cache Miss)
Sample  249:  544 cycles (Cache Miss)
Sample  250:  392 cycles (Cache Miss)
Sample  251:  524 cycles (Cache Miss)
Sample  252:  796 cycles (Cache Miss)
Sample  253:    0 cycles (Cache Hit)
Sample  254:  605 cycles (Cache Miss)
Sample  255:  851 cycles (Cache Miss)
Sample  256:    0 cycles (Cache Hit)
Sample  257:  451 cycles (Cache Miss)
Sample  258:  445 cycles (Cache Miss)
Sample  259:  487 cycles (Cache Miss)
Sample  260:  486 cycles (Cache Miss)
Sample  261:  782 cycles (Cache Miss)
Sample  262:  451 cycles (Cache Miss)
Sample  263:  372 cycles (Cache Miss)
Sample  264:  465 cycles (Cache Miss)
Sample  265:  997 cycles (Cache Miss)
Sample  266:    0 cycles (Cache Hit)
Sample  267:  569 cycles (Cache Miss)
Sample  268:  461 cycles (Cache Miss)
Sample  269:  853 cycles (Cache Miss)
Sample  270:    0 cycles (Cache Hit)
Sample  271: 1018 cycles (Cache Miss)
Sample  272:    0 cycles (Cache Hit)
Sample  273:  477 cycles (Cache Miss)
Sample  274: 1225 cycles (Cache Miss)
Sample  275:    0 cycles (Cache Hit)
Sample  276:  394 cycles (Cache Miss)
Sample  277:  388 cycles (Cache Miss)
Sample  278:  518 cycles (Cache Miss)
Sample  279:  827 cycles (Cache Miss)
Sample  280:    0 cycles (Cache Hit)
Sample  281:  768 cycles (Cache Miss)
Sample  282:    0 cycles (Cache Hit)
Sample  283:  496 cycles (Cache Miss)
Sample  284:  344 cycles (Cache Miss)
Sample  285:  483 cycles (Cache Miss)
Sample  286:  378 cycles (Cache Miss)
Sample  287:  465 cycles (Cache Miss)
Sample  288:  405 cycles (Cache Miss)
Sample  289:  686 cycles (Cache Miss)
Sample  290:  400 cycles (Cache Miss)
Sample  291:    0 cycles (Cache Hit)
Sample  292:  612 cycles (Cache Miss)
Sample  293: 1356 cycles (Cache Miss)
Sample  294:    0 cycles (Cache Hit)
Sample  295:    0 cycles (Cache Hit)
Sample  296:  457 cycles (Cache Miss)
Sample  297:  599 cycles (Cache Miss)
Sample  298:  859 cycles (Cache Miss)
Sample  299:    0 cycles (Cache Hit)
Sample  300:  780 cycles (Cache Miss)
Sample  301:  825 cycles (Cache Miss)
Sample  302:    0 cycles (Cache Hit)
Sample  303:  546 cycles (Cache Miss)
Sample  304:  585 cycles (Cache Miss)
Sample  305:  729 cycles (Cache Miss)
Sample  306:    0 cycles (Cache Hit)
Sample  307:  538 cycles (Cache Miss)
Sample  308:  748 cycles (Cache Miss)
Sample  309:    0 cycles (Cache Hit)
Sample  310:  469 cycles (Cache Miss)
Sample  311:  727 cycles (Cache Miss)
Sample  312:    0 cycles (Cache Hit)
Sample  313:  453 cycles (Cache Miss)
Sample  314:  623 cycles (Cache Miss)
Sample  315: 2352 cycles (Cache Miss)
Sample  316:    0 cycles (Cache Hit)
Sample  317:    0 cycles (Cache Hit)
Sample  318:    0 cycles (Cache Hit)
Sample  319:  450 cycles (Cache Miss)
Sample  320:  370 cycles (Cache Miss)
Sample  321:  379 cycles (Cache Miss)
Sample  322:  511 cycles (Cache Miss)
Sample  323:  485 cycles (Cache Miss)
Sample  324:  595 cycles (Cache Miss)
Sample  325:  375 cycles (Cache Miss)
Sample  326:  392 cycles (Cache Miss)
Sample  327:  368 cycles (Cache Miss)
Sample  328:  407 cycles (Cache Miss)
Sample  329:  435 cycles (Cache Miss)
Sample  330:  419 cycles (Cache Miss)
Sample  331:  422 cycles (Cache Miss)
Sample  332:  593 cycles (Cache Miss)
Sample  333:  480 cycles (Cache Miss)
Sample  334: 2165 cycles (Cache Miss)
Sample  335:    0 cycles (Cache Hit)
Sample  336:    0 cycles (Cache Hit)
Sample  337:  346 cycles (Cache Miss)
Sample  338:  333 cycles (Cache Miss)
Sample  339:  345 cycles (Cache Miss)
Sample  340:  368 cycles (Cache Miss)
Sample  341:  361 cycles (Cache Miss)
Sample  342:  851 cycles (Cache Miss)
Sample  343:    0 cycles (Cache Hit)
Sample  344: 1570 cycles (Cache Miss)
Sample  345:    0 cycles (Cache Hit)
Sample  346:    0 cycles (Cache Hit)
Sample  347:  679 cycles (Cache Miss)
Sample  348:  567 cycles (Cache Miss)
Sample  349:    0 cycles (Cache Hit)
Sample  350:  705 cycles (Cache Miss)
Sample  351:  343 cycles (Cache Miss)
Sample  352:    0 cycles (Cache Hit)
Sample  353: 2868 cycles (Cache Miss)
Sample  354:    0 cycles (Cache Hit)
Sample  355:    0 cycles (Cache Hit)
Sample  356:    0 cycles (Cache Hit)
Sample  357:  492 cycles (Cache Miss)
Sample  358:  595 cycles (Cache Miss)
Sample  359:  601 cycles (Cache Miss)
Sample  360:    0 cycles (Cache Hit)
Sample  361:  667 cycles (Cache Miss)
Sample  362:  344 cycles (Cache Miss)
Sample  363:  572 cycles (Cache Miss)
Sample  364:  436 cycles (Cache Miss)
Sample  365:  418 cycles (Cache Miss)
Sample  366:    0 cycles (Cache Hit)
Sample  367:  701 cycles (Cache Miss)
Sample  368:  481 cycles (Cache Miss)
Sample  369:    0 cycles (Cache Hit)
Sample  370:  791 cycles (Cache Miss)
Sample  371:    0 cycles (Cache Hit)
Sample  372:  453 cycles (Cache Miss)
Sample  373: 1755 cycles (Cache Miss)
Sample  374:    0 cycles (Cache Hit)
Sample  375:    0 cycles (Cache Hit)
Sample  376:  386 cycles (Cache Miss)
Sample  377:  472 cycles (Cache Miss)
Sample  378:  405 cycles (Cache Miss)
Sample  379:  370 cycles (Cache Miss)
Sample  380:  423 cycles (Cache Miss)
Sample  381:  973 cycles (Cache Miss)
Sample  382:    0 cycles (Cache Hit)
Sample  383:  427 cycles (Cache Miss)
Sample  384:  398 cycles (Cache Miss)
Sample  385:  733 cycles (Cache Miss)
Sample  386:  363 cycles (Cache Miss)
Sample  387:    0 cycles (Cache Hit)
Sample  388:  674 cycles (Cache Miss)
Sample  389:  455 cycles (Cache Miss)
Sample  390:  435 cycles (Cache Miss)
Sample  391: 2119 cycles (Cache Miss)
Sample  392:    0 cycles (Cache Hit)
Sample  393:    0 cycles (Cache Hit)
Sample  394:  376 cycles (Cache Miss)
Sample  395:  839 cycles (Cache Miss)
Sample  396:    0 cycles (Cache Hit)
Sample  397:  416 cycles (Cache Miss)
Sample  398:  548 cycles (Cache Miss)
Sample  399:  591 cycles (Cache Miss)
Sample  400:  941 cycles (Cache Miss)
Sample  401:    0 cycles (Cache Hit)
Sample  402:  336 cycles (Cache Miss)
Sample  403:  595 cycles (Cache Miss)
Sample  404:  473 cycles (Cache Miss)
Sample  405:  369 cycles (Cache Miss)
Sample  406:  414 cycles (Cache Miss)
Sample  407:  398 cycles (Cache Miss)
Sample  408:  528 cycles (Cache Miss)
Sample  409:  676 cycles (Cache Miss)
Sample  410: 2019 cycles (Cache Miss)
Sample  411:    0 cycles (Cache Hit)
Sample  412:    0 cycles (Cache Hit)
Sample  413:  816 cycles (Cache Miss)
Sample  414:    0 cycles (Cache Hit)
Sample  415:  583 cycles (Cache Miss)
Sample  416:  447 cycles (Cache Miss)
Sample  417: 1002 cycles (Cache Miss)
Sample  418:    0 cycles (Cache Hit)
Sample  419:  386 cycles (Cache Miss)
Sample  420:  721 cycles (Cache Miss)
Sample  421:    0 cycles (Cache Hit)
Sample  422: 1881 cycles (Cache Miss)
Sample  423:    0 cycles (Cache Hit)
Sample  424:    0 cycles (Cache Hit)
Sample  425:  704 cycles (Cache Miss)
Sample  426:  394 cycles (Cache Miss)
Sample  427:  412 cycles (Cache Miss)
Sample  428:  388 cycles (Cache Miss)
Sample  429:  464 cycles (Cache Miss)
Sample  430:  990 cycles (Cache Miss)
Sample  431:    0 cycles (Cache Hit)
Sample  432:  378 cycles (Cache Miss)
Sample  433:  360 cycles (Cache Miss)
Sample  434:  476 cycles (Cache Miss)
Sample  435:  925 cycles (Cache Miss)
Sample  436:    0 cycles (Cache Hit)
Sample  437:  419 cycles (Cache Miss)
Sample  438:  564 cycles (Cache Miss)
Sample  439:  949 cycles (Cache Miss)
Sample  440:    0 cycles (Cache Hit)
Sample  441: 1806 cycles (Cache Miss)
Sample  442:    0 cycles (Cache Hit)
Sample  443:    0 cycles (Cache Hit)
Sample  444:  894 cycles (Cache Miss)
Sample  445:    0 cycles (Cache Hit)
Sample  446:  416 cycles (Cache Miss)
Sample  447:  755 cycles (Cache Miss)
Sample  448:    0 cycles (Cache Hit)
Sample  449: 1415 cycles (Cache Miss)
Sample  450:    0 cycles (Cache Hit)
Sample  451:  496 cycles (Cache Miss)
Sample  452:  372 cycles (Cache Miss)
Sample  453:  570 cycles (Cache Miss)
Sample  454:    0 cycles (Cache Hit)
Sample  455:  530 cycles (Cache Miss)
Sample  456:  412 cycles (Cache Miss)
Sample  457:  382 cycles (Cache Miss)
Sample  458:  299 cycles (Cache Miss)
Sample  459:  413 cycles (Cache Miss)
Sample  460: 1097 cycles (Cache Miss)
Sample  461:    0 cycles (Cache Hit)
Sample  462: 1056 cycles (Cache Miss)
Sample  463:    0 cycles (Cache Hit)
Sample  464: 1282 cycles (Cache Miss)
Sample  465:    0 cycles (Cache Hit)
Sample  466:  470 cycles (Cache Miss)
Sample  467: 1739 cycles (Cache Miss)
Sample  468:    0 cycles (Cache Hit)
Sample  469:    0 cycles (Cache Hit)
Sample  470:  558 cycles (Cache Miss)
Sample  471:  479 cycles (Cache Miss)
Sample  472:  388 cycles (Cache Miss)
Sample  473: 1475 cycles (Cache Miss)
Sample  474:    0 cycles (Cache Hit)
Sample  475:    0 cycles (Cache Hit)
Sample  476:  380 cycles (Cache Miss)
Sample  477:  743 cycles (Cache Miss)
Sample  478:  640 cycles (Cache Miss)
Sample  479:    0 cycles (Cache Hit)
Sample  480:  343 cycles (Cache Miss)
Sample  481:  597 cycles (Cache Miss)
Sample  482:  394 cycles (Cache Miss)
Sample  483:  376 cycles (Cache Miss)
Sample  484: 1160 cycles (Cache Miss)
Sample  485:    0 cycles (Cache Hit)
Sample  486: 2052 cycles (Cache Miss)
Sample  487:    0 cycles (Cache Hit)
Sample  488:    0 cycles (Cache Hit)
Sample  489:  737 cycles (Cache Miss)
Sample  490:    0 cycles (Cache Hit)
Sample  491:  650 cycles (Cache Miss)
Sample  492:  453 cycles (Cache Miss)
Sample  493:  414 cycles (Cache Miss)
Sample  494:  565 cycles (Cache Miss)
Sample  495:  404 cycles (Cache Miss)
Sample  496:  384 cycles (Cache Miss)
Sample  497:  605 cycles (Cache Miss)
Sample  498:  656 cycles (Cache Miss)
Sample  499:  567 cycles (Cache Miss)
Sample  500:  459 cycles (Cache Miss)
Sample  501:  396 cycles (Cache Miss)
Sample  502:  341 cycles (Cache Miss)
Sample  503:  400 cycles (Cache Miss)
Sample  504:  542 cycles (Cache Miss)
Sample  505:  461 cycles (Cache Miss)
Sample  506: 2559 cycles (Cache Miss)
Sample  507:    0 cycles (Cache Hit)
Sample  508:    0 cycles (Cache Hit)
Sample  509:    0 cycles (Cache Hit)
Sample  510:    0 cycles (Cache Hit)
Sample  511:  920 cycles (Cache Miss)
Sample  512:    0 cycles (Cache Hit)
Sample  513:  491 cycles (Cache Miss)
Sample  514:  920 cycles (Cache Miss)
Sample  515:    0 cycles (Cache Hit)
Sample  516:  826 cycles (Cache Miss)
Sample  517:    0 cycles (Cache Hit)
Sample  518:  515 cycles (Cache Miss)
Sample  519:  429 cycles (Cache Miss)
Sample  520:  412 cycles (Cache Miss)
Sample  521:    0 cycles (Cache Hit)
Sample  522:  587 cycles (Cache Miss)
Sample  523:  602 cycles (Cache Miss)
Sample  524: 1460 cycles (Cache Miss)
Sample  525:    0 cycles (Cache Hit)
Sample  526:  912 cycles (Cache Miss)
Sample  527:    0 cycles (Cache Hit)
Sample  528:  821 cycles (Cache Miss)
Sample  529:    0 cycles (Cache Hit)
Sample  530:  742 cycles (Cache Miss)
Sample  531:    0 cycles (Cache Hit)
Sample  532:  465 cycles (Cache Miss)
Sample  533: 1588 cycles (Cache Miss)
Sample  534:    0 cycles (Cache Hit)
Sample  535:    0 cycles (Cache Hit)
Sample  536:  609 cycles (Cache Miss)
Sample  537:  496 cycles (Cache Miss)
Sample  538:  776 cycles (Cache Miss)
Sample  539:    0 cycles (Cache Hit)
Sample  540: 1002 cycles (Cache Miss)
Sample  541:    0 cycles (Cache Hit)
Sample  542: 2694 cycles (Cache Miss)
Sample  543:    0 cycles (Cache Hit)
Sample  544:    0 cycles (Cache Hit)
Sample  545:    0 cycles (Cache Hit)
Sample  546: 2484 cycles (Cache Miss)
Sample  547:    0 cycles (Cache Hit)
Sample  548:    0 cycles (Cache Hit)
Sample  549:    0 cycles (Cache Hit)
Sample  550: 1586 cycles (Cache Miss)
Sample  551:    0 cycles (Cache Hit)
Sample  552:  778 cycles (Cache Miss)
Sample  553:    0 cycles (Cache Hit)
Sample  554:  597 cycles (Cache Miss)
Sample  555:  441 cycles (Cache Miss)
Sample  556:  937 cycles (Cache Miss)
Sample  557:    0 cycles (Cache Hit)
Sample  558:  729 cycles (Cache Miss)
Sample  559:    0 cycles (Cache Hit)
Sample  560:  529 cycles (Cache Miss)
Sample  561:  413 cycles (Cache Miss)
Sample  562: 1365 cycles (Cache Miss)
Sample  563:    0 cycles (Cache Hit)
Sample  564:  372 cycles (Cache Miss)
Sample  565:  337 cycles (Cache Miss)
Sample  566:  370 cycles (Cache Miss)
Sample  567:  386 cycles (Cache Miss)
Sample  568:  337 cycles (Cache Miss)
Sample  569:  439 cycles (Cache Miss)
Sample  570:  379 cycles (Cache Miss)
Sample  571:  396 cycles (Cache Miss)
Sample  572:  339 cycles (Cache Miss)
Sample  573:  388 cycles (Cache Miss)
Sample  574:  351 cycles (Cache Miss)
Sample  575:  321 cycles (Cache Miss)
Sample  576:  345 cycles (Cache Miss)
Sample  577:  384 cycles (Cache Miss)
Sample  578:  376 cycles (Cache Miss)
Sample  579:  434 cycles (Cache Miss)
Sample  580:  402 cycles (Cache Miss)
Sample  581: 1399 cycles (Cache Miss)
Sample  582:    0 cycles (Cache Hit)
Sample  583:  401 cycles (Cache Miss)
Sample  584:  352 cycles (Cache Miss)
Sample  585:  372 cycles (Cache Miss)
Sample  586:  445 cycles (Cache Miss)
Sample  587:  382 cycles (Cache Miss)
Sample  588:  482 cycles (Cache Miss)
Sample  589:  349 cycles (Cache Miss)
Sample  590:  400 cycles (Cache Miss)
Sample  591:  579 cycles (Cache Miss)
Sample  592:  499 cycles (Cache Miss)
Sample  593:  329 cycles (Cache Miss)
Sample  594:  434 cycles (Cache Miss)
Sample  595:  407 cycles (Cache Miss)
Sample  596:  547 cycles (Cache Miss)
Sample  597:  481 cycles (Cache Miss)
Sample  598:  325 cycles (Cache Miss)
Sample  599:  433 cycles (Cache Miss)
Sample  600: 1407 cycles (Cache Miss)
Sample  601:    0 cycles (Cache Hit)
Sample  602:  408 cycles (Cache Miss)
Sample  603:  349 cycles (Cache Miss)
Sample  604:  369 cycles (Cache Miss)
Sample  605:  337 cycles (Cache Miss)
Sample  606:  396 cycles (Cache Miss)
Sample  607:  339 cycles (Cache Miss)
Sample  608:  340 cycles (Cache Miss)
Sample  609:  457 cycles (Cache Miss)
Sample  610:  434 cycles (Cache Miss)
Sample  611:  416 cycles (Cache Miss)
Sample  612:  378 cycles (Cache Miss)
Sample  613:  333 cycles (Cache Miss)
Sample  614:  327 cycles (Cache Miss)
Sample  615:  331 cycles (Cache Miss)
Sample  616:  428 cycles (Cache Miss)
Sample  617:  386 cycles (Cache Miss)
Sample  618:  296 cycles (Cache Miss)
Sample  619: 1273 cycles (Cache Miss)
Sample  620:    0 cycles (Cache Hit)
Sample  621:  388 cycles (Cache Miss)
Sample  622:  441 cycles (Cache Miss)
Sample  623:  338 cycles (Cache Miss)
Sample  624:  457 cycles (Cache Miss)
Sample  625:  380 cycles (Cache Miss)
Sample  626:  339 cycles (Cache Miss)
Sample  627:  388 cycles (Cache Miss)
Sample  628:  327 cycles (Cache Miss)
Sample  629:  419 cycles (Cache Miss)
Sample  630:  376 cycles (Cache Miss)
Sample  631:  347 cycles (Cache Miss)
Sample  632:  412 cycles (Cache Miss)
Sample  633:  467 cycles (Cache Miss)
Sample  634:  455 cycles (Cache Miss)
Sample  635:  455 cycles (Cache Miss)
Sample  636:  410 cycles (Cache Miss)
Sample  637:  400 cycles (Cache Miss)
Sample  638: 1166 cycles (Cache Miss)
Sample  639:    0 cycles (Cache Hit)
Sample  640:  390 cycles (Cache Miss)
Sample  641:  361 cycles (Cache Miss)
Sample  642:  363 cycles (Cache Miss)
Sample  643:  477 cycles (Cache Miss)
Sample  644:  384 cycles (Cache Miss)
Sample  645:  370 cycles (Cache Miss)
Sample  646:  358 cycles (Cache Miss)
Sample  647:    0 cycles (Cache Hit)
Sample  648:  382 cycles (Cache Miss)
Sample  649:  353 cycles (Cache Miss)
Sample  650:  368 cycles (Cache Miss)
Sample  651:  358 cycles (Cache Miss)
Sample  652:  465 cycles (Cache Miss)
Sample  653:  398 cycles (Cache Miss)
Sample  654:  343 cycles (Cache Miss)
Sample  655:    0 cycles (Cache Hit)
Sample  656:  356 cycles (Cache Miss)
Sample  657: 1621 cycles (Cache Miss)
Sample  658:    0 cycles (Cache Hit)
Sample  659:    0 cycles (Cache Hit)
Sample  660:  358 cycles (Cache Miss)
Sample  661:  334 cycles (Cache Miss)
Sample  662:  455 cycles (Cache Miss)
Sample  663:  418 cycles (Cache Miss)
Sample  664:  386 cycles (Cache Miss)
Sample  665:  380 cycles (Cache Miss)
Sample  666:  435 cycles (Cache Miss)
Sample  667:  404 cycles (Cache Miss)
Sample  668:  821 cycles (Cache Miss)
Sample  669:    0 cycles (Cache Hit)
Sample  670:  524 cycles (Cache Miss)
Sample  671:  509 cycles (Cache Miss)
Sample  672:  331 cycles (Cache Miss)
Sample  673:  376 cycles (Cache Miss)
Sample  674:  341 cycles (Cache Miss)
Sample  675:  346 cycles (Cache Miss)
Sample  676: 1296 cycles (Cache Miss)
Sample  677:    0 cycles (Cache Hit)
Sample  678:  341 cycles (Cache Miss)
Sample  679:  406 cycles (Cache Miss)
Sample  680:  370 cycles (Cache Miss)
Sample  681:  343 cycles (Cache Miss)
Sample  682:  335 cycles (Cache Miss)
Sample  683:  337 cycles (Cache Miss)
Sample  684:  398 cycles (Cache Miss)
Sample  685:  331 cycles (Cache Miss)
Sample  686:  534 cycles (Cache Miss)
Sample  687:  445 cycles (Cache Miss)
Sample  688:  331 cycles (Cache Miss)
Sample  689:  390 cycles (Cache Miss)
Sample  690:  354 cycles (Cache Miss)
Sample  691:  433 cycles (Cache Miss)
Sample  692:  386 cycles (Cache Miss)
Sample  693:  354 cycles (Cache Miss)
Sample  694:  400 cycles (Cache Miss)
Sample  695: 1328 cycles (Cache Miss)
Sample  696:    0 cycles (Cache Hit)
Sample  697:  331 cycles (Cache Miss)
Sample  698:  400 cycles (Cache Miss)
Sample  699:  412 cycles (Cache Miss)
Sample  700:  343 cycles (Cache Miss)
Sample  701:  353 cycles (Cache Miss)
Sample  702:  335 cycles (Cache Miss)
Sample  703:  351 cycles (Cache Miss)
Sample  704:  378 cycles (Cache Miss)
Sample  705:  343 cycles (Cache Miss)
Sample  706:  345 cycles (Cache Miss)
Sample  707:  380 cycles (Cache Miss)
Sample  708:  573 cycles (Cache Miss)
Sample  709:  371 cycles (Cache Miss)
Sample  710:  371 cycles (Cache Miss)
Sample  711:  337 cycles (Cache Miss)
Sample  712:  376 cycles (Cache Miss)
Sample  713:  339 cycles (Cache Miss)
Sample  714: 1213 cycles (Cache Miss)
Sample  715:    0 cycles (Cache Hit)
Sample  716:  398 cycles (Cache Miss)
Sample  717:  477 cycles (Cache Miss)
Sample  718:  380 cycles (Cache Miss)
Sample  719:  346 cycles (Cache Miss)
Sample  720:  329 cycles (Cache Miss)
Sample  721:  335 cycles (Cache Miss)
Sample  722:  337 cycles (Cache Miss)
Sample  723:  339 cycles (Cache Miss)
Sample  724:  349 cycles (Cache Miss)
Sample  725:  356 cycles (Cache Miss)
Sample  726:  329 cycles (Cache Miss)
Sample  727:  369 cycles (Cache Miss)
Sample  728:  382 cycles (Cache Miss)
Sample  729:  386 cycles (Cache Miss)
Sample  730:  737 cycles (Cache Miss)
Sample  731:  341 cycles (Cache Miss)
Sample  732:  488 cycles (Cache Miss)
Sample  733: 1135 cycles (Cache Miss)
Sample  734:    0 cycles (Cache Hit)
Sample  735:  408 cycles (Cache Miss)
Sample  736:  390 cycles (Cache Miss)
Sample  737:  325 cycles (Cache Miss)
Sample  738:  329 cycles (Cache Miss)
Sample  739:  358 cycles (Cache Miss)
Sample  740:  325 cycles (Cache Miss)
Sample  741:  358 cycles (Cache Miss)
Sample  742:  402 cycles (Cache Miss)
Sample  743:  364 cycles (Cache Miss)
Sample  744:  341 cycles (Cache Miss)
Sample  745:  378 cycles (Cache Miss)
Sample  746:  361 cycles (Cache Miss)
Sample  747:  396 cycles (Cache Miss)
Sample  748:  412 cycles (Cache Miss)
Sample  749:  358 cycles (Cache Miss)
Sample  750:  422 cycles (Cache Miss)
Sample  751:  350 cycles (Cache Miss)
Sample  752: 1103 cycles (Cache Miss)
Sample  753:    0 cycles (Cache Hit)
Sample  754:  390 cycles (Cache Miss)
Sample  755:  405 cycles (Cache Miss)
Sample  756:  482 cycles (Cache Miss)
Sample  757:  381 cycles (Cache Miss)
Sample  758:  299 cycles (Cache Miss)
Sample  759:  384 cycles (Cache Miss)
Sample  760:  374 cycles (Cache Miss)
Sample  761:  349 cycles (Cache Miss)
Sample  762:  526 cycles (Cache Miss)
Sample  763:  347 cycles (Cache Miss)
Sample  764:  412 cycles (Cache Miss)
Sample  765:  347 cycles (Cache Miss)
Sample  766:  331 cycles (Cache Miss)
Sample  767:  333 cycles (Cache Miss)
Sample  768:  514 cycles (Cache Miss)
Sample  769:  333 cycles (Cache Miss)
Sample  770:  440 cycles (Cache Miss)
Sample  771: 1125 cycles (Cache Miss)
Sample  772:    0 cycles (Cache Hit)
Sample  773:  331 cycles (Cache Miss)
Sample  774:  337 cycles (Cache Miss)
Sample  775:  467 cycles (Cache Miss)
Sample  776:  335 cycles (Cache Miss)
Sample  777:  390 cycles (Cache Miss)
Sample  778:  390 cycles (Cache Miss)
Sample  779:  398 cycles (Cache Miss)
Sample  780:  339 cycles (Cache Miss)
Sample  781:  386 cycles (Cache Miss)
Sample  782:  432 cycles (Cache Miss)
Sample  783:  335 cycles (Cache Miss)
Sample  784:  460 cycles (Cache Miss)
Sample  785:  342 cycles (Cache Miss)
Sample  786:  499 cycles (Cache Miss)
Sample  787:  606 cycles (Cache Miss)
Sample  788:  605 cycles (Cache Miss)
Sample  789:  384 cycles (Cache Miss)
Sample  790: 1300 cycles (Cache Miss)
Sample  791:    0 cycles (Cache Hit)
Sample  792:  384 cycles (Cache Miss)
Sample  793:  339 cycles (Cache Miss)
Sample  794:  500 cycles (Cache Miss)
Sample  795:  408 cycles (Cache Miss)
Sample  796:  396 cycles (Cache Miss)
Sample  797:  569 cycles (Cache Miss)
Sample  798:  377 cycles (Cache Miss)
Sample  799:  346 cycles (Cache Miss)
Sample  800:  390 cycles (Cache Miss)
Sample  801:  338 cycles (Cache Miss)
Sample  802:  374 cycles (Cache Miss)
Sample  803:  333 cycles (Cache Miss)
Sample  804:  396 cycles (Cache Miss)
Sample  805:  333 cycles (Cache Miss)
Sample  806:  364 cycles (Cache Miss)
Sample  807:  476 cycles (Cache Miss)
Sample  808:  516 cycles (Cache Miss)
Sample  809: 1083 cycles (Cache Miss)
Sample  810:    0 cycles (Cache Hit)
Sample  811:  737 cycles (Cache Miss)
Sample  812:    0 cycles (Cache Hit)
Sample  813:  471 cycles (Cache Miss)
Sample  814:  402 cycles (Cache Miss)
Sample  815:  475 cycles (Cache Miss)
Sample  816:  358 cycles (Cache Miss)
Sample  817:  325 cycles (Cache Miss)
Sample  818:  471 cycles (Cache Miss)
Sample  819:  333 cycles (Cache Miss)
Sample  820:  473 cycles (Cache Miss)
Sample  821:  343 cycles (Cache Miss)
Sample  822:  351 cycles (Cache Miss)
Sample  823:  345 cycles (Cache Miss)
Sample  824:  351 cycles (Cache Miss)
Sample  825:  351 cycles (Cache Miss)
Sample  826:  327 cycles (Cache Miss)
Sample  827:  331 cycles (Cache Miss)
Sample  828: 1066 cycles (Cache Miss)
Sample  829:    0 cycles (Cache Hit)
Sample  830:  363 cycles (Cache Miss)
Sample  831:  410 cycles (Cache Miss)
Sample  832:  396 cycles (Cache Miss)
Sample  833:  394 cycles (Cache Miss)
Sample  834:  331 cycles (Cache Miss)
Sample  835:  325 cycles (Cache Miss)
Sample  836:  473 cycles (Cache Miss)
Sample  837:  335 cycles (Cache Miss)
Sample  838:  384 cycles (Cache Miss)
Sample  839:  433 cycles (Cache Miss)
Sample  840:  346 cycles (Cache Miss)
Sample  841:  349 cycles (Cache Miss)
Sample  842:  406 cycles (Cache Miss)
Sample  843:  374 cycles (Cache Miss)
Sample  844:  417 cycles (Cache Miss)
Sample  845:  331 cycles (Cache Miss)
Sample  846:  390 cycles (Cache Miss)
Sample  847: 1114 cycles (Cache Miss)
Sample  848:    0 cycles (Cache Hit)
Sample  849:  331 cycles (Cache Miss)
Sample  850:  346 cycles (Cache Miss)
Sample  851:  353 cycles (Cache Miss)
Sample  852:  382 cycles (Cache Miss)
Sample  853:  337 cycles (Cache Miss)
Sample  854:  465 cycles (Cache Miss)
Sample  855:  436 cycles (Cache Miss)
Sample  856:  650 cycles (Cache Miss)
Sample  857:  429 cycles (Cache Miss)
Sample  858:  396 cycles (Cache Miss)
Sample  859:  329 cycles (Cache Miss)
Sample  860:  345 cycles (Cache Miss)
Sample  861:  346 cycles (Cache Miss)
Sample  862:  343 cycles (Cache Miss)
Sample  863:  375 cycles (Cache Miss)
Sample  864:  345 cycles (Cache Miss)
Sample  865:  335 cycles (Cache Miss)
Sample  866: 1003 cycles (Cache Miss)
Sample  867:    0 cycles (Cache Hit)
Sample  868:  463 cycles (Cache Miss)
Sample  869:  461 cycles (Cache Miss)
Sample  870:  461 cycles (Cache Miss)
Sample  871:  347 cycles (Cache Miss)
Sample  872:  439 cycles (Cache Miss)
Sample  873:  344 cycles (Cache Miss)
Sample  874:  341 cycles (Cache Miss)
Sample  875:  331 cycles (Cache Miss)
Sample  876:  390 cycles (Cache Miss)
Sample  877:  342 cycles (Cache Miss)
Sample  878:  406 cycles (Cache Miss)
Sample  879:  347 cycles (Cache Miss)
Sample  880:  405 cycles (Cache Miss)
Sample  881:  364 cycles (Cache Miss)
Sample  882:  443 cycles (Cache Miss)
Sample  883:  376 cycles (Cache Miss)
Sample  884:  392 cycles (Cache Miss)
Sample  885:  950 cycles (Cache Miss)
Sample  886:    0 cycles (Cache Hit)
Sample  887:  350 cycles (Cache Miss)
Sample  888:  357 cycles (Cache Miss)
Sample  889:  357 cycles (Cache Miss)
Sample  890:  392 cycles (Cache Miss)
Sample  891:  428 cycles (Cache Miss)
Sample  892:  443 cycles (Cache Miss)
Sample  893:  744 cycles (Cache Miss)
Sample  894:  798 cycles (Cache Miss)
Sample  895:    0 cycles (Cache Hit)
Sample  896:  487 cycles (Cache Miss)
Sample  897:  510 cycles (Cache Miss)
Sample  898:  343 cycles (Cache Miss)
Sample  899:  451 cycles (Cache Miss)
Sample  900:  386 cycles (Cache Miss)
Sample  901:  422 cycles (Cache Miss)
Sample  902:  453 cycles (Cache Miss)
Sample  903:  339 cycles (Cache Miss)
Sample  904: 1278 cycles (Cache Miss)
Sample  905:    0 cycles (Cache Hit)
Sample  906:  372 cycles (Cache Miss)
Sample  907:  433 cycles (Cache Miss)
Sample  908:  339 cycles (Cache Miss)
Sample  909:  419 cycles (Cache Miss)
Sample  910:  346 cycles (Cache Miss)
Sample  911:  552 cycles (Cache Miss)
Sample  912:  354 cycles (Cache Miss)
Sample  913:  492 cycles (Cache Miss)
Sample  914:  316 cycles (Cache Miss)
Sample  915:  351 cycles (Cache Miss)
Sample  916:  333 cycles (Cache Miss)
Sample  917:  502 cycles (Cache Miss)
Sample  918:  344 cycles (Cache Miss)
Sample  919:  337 cycles (Cache Miss)
Sample  920:  443 cycles (Cache Miss)
Sample  921:  388 cycles (Cache Miss)
Sample  922:  372 cycles (Cache Miss)
Sample  923:  805 cycles (Cache Miss)
Sample  924:    0 cycles (Cache Hit)
Sample  925:  392 cycles (Cache Miss)
Sample  926:  585 cycles (Cache Miss)
Sample  927:  341 cycles (Cache Miss)
Sample  928:  360 cycles (Cache Miss)
Sample  929:  345 cycles (Cache Miss)
Sample  930:  522 cycles (Cache Miss)
Sample  931:  480 cycles (Cache Miss)
Sample  932:  353 cycles (Cache Miss)
Sample  933:  333 cycles (Cache Miss)
Sample  934:  357 cycles (Cache Miss)
Sample  935:  343 cycles (Cache Miss)
Sample  936:  352 cycles (Cache Miss)
Sample  937:  331 cycles (Cache Miss)
Sample  938:  342 cycles (Cache Miss)
Sample  939:  339 cycles (Cache Miss)
Sample  940:  339 cycles (Cache Miss)
Sample  941:  325 cycles (Cache Miss)
Sample  942:  731 cycles (Cache Miss)
Sample  943:  374 cycles (Cache Miss)
Sample  944:  350 cycles (Cache Miss)
Sample  945:  340 cycles (Cache Miss)
Sample  946:  404 cycles (Cache Miss)
Sample  947:  469 cycles (Cache Miss)
Sample  948:  343 cycles (Cache Miss)
Sample  949:  402 cycles (Cache Miss)
Sample  950:  364 cycles (Cache Miss)
Sample  951:  353 cycles (Cache Miss)
Sample  952:  347 cycles (Cache Miss)
Sample  953:  350 cycles (Cache Miss)
Sample  954:  333 cycles (Cache Miss)
Sample  955:  390 cycles (Cache Miss)
Sample  956:  498 cycles (Cache Miss)
Sample  957:  487 cycles (Cache Miss)
Sample  958:  620 cycles (Cache Miss)
Sample  959:  512 cycles (Cache Miss)
Sample  960:  372 cycles (Cache Miss)
Sample  961:  780 cycles (Cache Miss)
Sample  962:    0 cycles (Cache Hit)
Sample  963:  475 cycles (Cache Miss)
Sample  964:  437 cycles (Cache Miss)
Sample  965:  428 cycles (Cache Miss)
Sample  966:  446 cycles (Cache Miss)
Sample  967:  366 cycles (Cache Miss)
Sample  968:  508 cycles (Cache Miss)
Sample  969:  399 cycles (Cache Miss)
Sample  970:  350 cycles (Cache Miss)
Sample  971:  347 cycles (Cache Miss)
Sample  972:  378 cycles (Cache Miss)
Sample  973:  352 cycles (Cache Miss)
Sample  974:  467 cycles (Cache Miss)
Sample  975:  451 cycles (Cache Miss)
Sample  976:  345 cycles (Cache Miss)
Sample  977:  504 cycles (Cache Miss)
Sample  978:  443 cycles (Cache Miss)
Sample  979:  431 cycles (Cache Miss)
Sample  980: 1046 cycles (Cache Miss)
Sample  981:    0 cycles (Cache Hit)
Sample  982:  343 cycles (Cache Miss)
Sample  983:  506 cycles (Cache Miss)
Sample  984:  392 cycles (Cache Miss)
Sample  985:  345 cycles (Cache Miss)
Sample  986: 12497 cycles (Cache Miss)
Sample  987:    0 cycles (Cache Hit)
Sample  988:    0 cycles (Cache Hit)
Sample  989:    0 cycles (Cache Hit)
Sample  990:    0 cycles (Cache Hit)
Sample  991:    0 cycles (Cache Hit)
Sample  992:    0 cycles (Cache Hit)
Sample  993:    0 cycles (Cache Hit)
Sample  994:    0 cycles (Cache Hit)
Sample  995:    0 cycles (Cache Hit)
Sample  996:    0 cycles (Cache Hit)
Sample  997:    0 cycles (Cache Hit)
Sample  998:    0 cycles (Cache Hit)
Sample  999:    0 cycles (Cache Hit)
