Monitoring L1 cache set 0
Starting Prime+Probe...
Completed 1000 samples
Sample    0:  243 cycles (No Activity)
Sample    1:  166 cycles (Victim Activity)
Sample    2:  181 cycles (Victim Activity)
Sample    3:  132 cycles (Victim Activity)
Sample    4:  138 cycles (Victim Activity)
Sample    5:  132 cycles (Victim Activity)
Sample    6:  134 cycles (Victim Activity)
Sample    7:  127 cycles (Victim Activity)
Sample    8:  132 cycles (Victim Activity)
Sample    9:  132 cycles (Victim Activity)
Sample   10:  134 cycles (Victim Activity)
Sample   11:  146 cycles (Victim Activity)
Sample   12:  141 cycles (Victim Activity)
Sample   13:  132 cycles (Victim Activity)
Sample   14:  132 cycles (Victim Activity)
Sample   15:  138 cycles (Victim Activity)
Sample   16:  146 cycles (Victim Activity)
Sample   17:  143 cycles (Victim Activity)
Sample   18:  138 cycles (Victim Activity)
Sample   19:  132 cycles (Victim Activity)
Sample   20:  134 cycles (Victim Activity)
Sample   21:  140 cycles (Victim Activity)
Sample   22:  132 cycles (Victim Activity)
Sample   23:  132 cycles (Victim Activity)
Sample   24:  134 cycles (Victim Activity)
Sample   25:  130 cycles (Victim Activity)
Sample   26:  132 cycles (Victim Activity)
Sample   27:  138 cycles (Victim Activity)
Sample   28:  132 cycles (Victim Activity)
Sample   29:  143 cycles (Victim Activity)
Sample   30:  132 cycles (Victim Activity)
Sample   31:  146 cycles (Victim Activity)
Sample   32:  130 cycles (Victim Activity)
Sample   33:  136 cycles (Victim Activity)
Sample   34:  134 cycles (Victim Activity)
Sample   35:  158 cycles (Victim Activity)
Sample   36:  134 cycles (Victim Activity)
Sample   37:  136 cycles (Victim Activity)
Sample   38:  132 cycles (Victim Activity)
Sample   39:  130 cycles (Victim Activity)
Sample   40:  138 cycles (Victim Activity)
Sample   41:  134 cycles (Victim Activity)
Sample   42:  134 cycles (Victim Activity)
Sample   43:  136 cycles (Victim Activity)
Sample   44:  130 cycles (Victim Activity)
Sample   45:  130 cycles (Victim Activity)
Sample   46:  151 cycles (Victim Activity)
Sample   47:  150 cycles (Victim Activity)
Sample   48:  132 cycles (Victim Activity)
Sample   49:  132 cycles (Victim Activity)
Sample   50:  132 cycles (Victim Activity)
Sample   51:  134 cycles (Victim Activity)
Sample   52:  144 cycles (Victim Activity)
Sample   53:  140 cycles (Victim Activity)
Sample   54:  140 cycles (Victim Activity)
Sample   55:  144 cycles (Victim Activity)
Sample   56:  128 cycles (Victim Activity)
Sample   57:  136 cycles (Victim Activity)
Sample   58:  154 cycles (Victim Activity)
Sample   59:  142 cycles (Victim Activity)
Sample   60:  145 cycles (Victim Activity)
Sample   61:  148 cycles (Victim Activity)
Sample   62:  132 cycles (Victim Activity)
Sample   63:  151 cycles (Victim Activity)
Sample   64:    0 cycles (Victim Activity)
Sample   65:    0 cycles (Victim Activity)
Sample   66:    0 cycles (Victim Activity)
Sample   67:    0 cycles (Victim Activity)
Sample   68:    0 cycles (Victim Activity)
Sample   69:    0 cycles (Victim Activity)
Sample   70:    0 cycles (Victim Activity)
Sample   71:    0 cycles (Victim Activity)
Sample   72:    0 cycles (Victim Activity)
Sample   73:    0 cycles (Victim Activity)
Sample   74:    0 cycles (Victim Activity)
Sample   75:    0 cycles (Victim Activity)
Sample   76:    0 cycles (Victim Activity)
Sample   77:    0 cycles (Victim Activity)
Sample   78:    0 cycles (Victim Activity)
Sample   79:    0 cycles (Victim Activity)
Sample   80:    0 cycles (Victim Activity)
Sample   81:    0 cycles (Victim Activity)
Sample   82:    0 cycles (Victim Activity)
Sample   83:    0 cycles (Victim Activity)
Sample   84:    0 cycles (Victim Activity)
Sample   85:    0 cycles (Victim Activity)
Sample   86:    0 cycles (Victim Activity)
Sample   87:    0 cycles (Victim Activity)
Sample   88:    0 cycles (Victim Activity)
Sample   89:    0 cycles (Victim Activity)
Sample   90:    0 cycles (Victim Activity)
Sample   91:    0 cycles (Victim Activity)
Sample   92:    0 cycles (Victim Activity)
Sample   93:    0 cycles (Victim Activity)
Sample   94:    0 cycles (Victim Activity)
Sample   95:    0 cycles (Victim Activity)
Sample   96:    0 cycles (Victim Activity)
Sample   97:    0 cycles (Victim Activity)
Sample   98:    0 cycles (Victim Activity)
Sample   99:    0 cycles (Victim Activity)
Sample  100:    0 cycles (Victim Activity)
Sample  101:    0 cycles (Victim Activity)
Sample  102:    0 cycles (Victim Activity)
Sample  103:    0 cycles (Victim Activity)
Sample  104:    0 cycles (Victim Activity)
Sample  105:    0 cycles (Victim Activity)
Sample  106:    0 cycles (Victim Activity)
Sample  107:    0 cycles (Victim Activity)
Sample  108:    0 cycles (Victim Activity)
Sample  109:    0 cycles (Victim Activity)
Sample  110:    0 cycles (Victim Activity)
Sample  111:    0 cycles (Victim Activity)
Sample  112:    0 cycles (Victim Activity)
Sample  113:    0 cycles (Victim Activity)
Sample  114:    0 cycles (Victim Activity)
Sample  115:    0 cycles (Victim Activity)
Sample  116:    0 cycles (Victim Activity)
Sample  117:    0 cycles (Victim Activity)
Sample  118:    0 cycles (Victim Activity)
Sample  119:    0 cycles (Victim Activity)
Sample  120:    0 cycles (Victim Activity)
Sample  121:    0 cycles (Victim Activity)
Sample  122:    0 cycles (Victim Activity)
Sample  123:    0 cycles (Victim Activity)
Sample  124:    0 cycles (Victim Activity)
Sample  125:    0 cycles (Victim Activity)
Sample  126:    0 cycles (Victim Activity)
Sample  127:    0 cycles (Victim Activity)
Sample  128:    0 cycles (Victim Activity)
Sample  129:    0 cycles (Victim Activity)
Sample  130:    0 cycles (Victim Activity)
Sample  131:    0 cycles (Victim Activity)
Sample  132:    0 cycles (Victim Activity)
Sample  133:    0 cycles (Victim Activity)
Sample  134:    0 cycles (Victim Activity)
Sample  135:    0 cycles (Victim Activity)
Sample  136:    0 cycles (Victim Activity)
Sample  137:    0 cycles (Victim Activity)
Sample  138:    0 cycles (Victim Activity)
Sample  139:    0 cycles (Victim Activity)
Sample  140:    0 cycles (Victim Activity)
Sample  141:    0 cycles (Victim Activity)
Sample  142:    0 cycles (Victim Activity)
Sample  143:    0 cycles (Victim Activity)
Sample  144:    0 cycles (Victim Activity)
Sample  145:    0 cycles (Victim Activity)
Sample  146:    0 cycles (Victim Activity)
Sample  147:    0 cycles (Victim Activity)
Sample  148:    0 cycles (Victim Activity)
Sample  149:    0 cycles (Victim Activity)
Sample  150:    0 cycles (Victim Activity)
Sample  151:    0 cycles (Victim Activity)
Sample  152:    0 cycles (Victim Activity)
Sample  153:    0 cycles (Victim Activity)
Sample  154:    0 cycles (Victim Activity)
Sample  155:    0 cycles (Victim Activity)
Sample  156:    0 cycles (Victim Activity)
Sample  157:    0 cycles (Victim Activity)
Sample  158:    0 cycles (Victim Activity)
Sample  159:    0 cycles (Victim Activity)
Sample  160:    0 cycles (Victim Activity)
Sample  161:    0 cycles (Victim Activity)
Sample  162:    0 cycles (Victim Activity)
Sample  163:    0 cycles (Victim Activity)
Sample  164:    0 cycles (Victim Activity)
Sample  165:    0 cycles (Victim Activity)
Sample  166:    0 cycles (Victim Activity)
Sample  167:    0 cycles (Victim Activity)
Sample  168:    0 cycles (Victim Activity)
Sample  169:    0 cycles (Victim Activity)
Sample  170:    0 cycles (Victim Activity)
Sample  171:    0 cycles (Victim Activity)
Sample  172:    0 cycles (Victim Activity)
Sample  173:    0 cycles (Victim Activity)
Sample  174:    0 cycles (Victim Activity)
Sample  175:    0 cycles (Victim Activity)
Sample  176:    0 cycles (Victim Activity)
Sample  177:    0 cycles (Victim Activity)
Sample  178:    0 cycles (Victim Activity)
Sample  179:    0 cycles (Victim Activity)
Sample  180:    0 cycles (Victim Activity)
Sample  181:    0 cycles (Victim Activity)
Sample  182:    0 cycles (Victim Activity)
Sample  183:    0 cycles (Victim Activity)
Sample  184:    0 cycles (Victim Activity)
Sample  185:    0 cycles (Victim Activity)
Sample  186:    0 cycles (Victim Activity)
Sample  187:    0 cycles (Victim Activity)
Sample  188:    0 cycles (Victim Activity)
Sample  189:    0 cycles (Victim Activity)
Sample  190:    0 cycles (Victim Activity)
Sample  191:    0 cycles (Victim Activity)
Sample  192:    0 cycles (Victim Activity)
Sample  193:    0 cycles (Victim Activity)
Sample  194:    0 cycles (Victim Activity)
Sample  195:    0 cycles (Victim Activity)
Sample  196:    0 cycles (Victim Activity)
Sample  197:    0 cycles (Victim Activity)
Sample  198:    0 cycles (Victim Activity)
Sample  199:    0 cycles (Victim Activity)
Sample  200:    0 cycles (Victim Activity)
Sample  201:    0 cycles (Victim Activity)
Sample  202:    0 cycles (Victim Activity)
Sample  203:    0 cycles (Victim Activity)
Sample  204:    0 cycles (Victim Activity)
Sample  205:    0 cycles (Victim Activity)
Sample  206:    0 cycles (Victim Activity)
Sample  207:    0 cycles (Victim Activity)
Sample  208:    0 cycles (Victim Activity)
Sample  209:    0 cycles (Victim Activity)
Sample  210:    0 cycles (Victim Activity)
Sample  211:    0 cycles (Victim Activity)
Sample  212:    0 cycles (Victim Activity)
Sample  213:    0 cycles (Victim Activity)
Sample  214:    0 cycles (Victim Activity)
Sample  215:    0 cycles (Victim Activity)
Sample  216:    0 cycles (Victim Activity)
Sample  217:    0 cycles (Victim Activity)
Sample  218:    0 cycles (Victim Activity)
Sample  219:    0 cycles (Victim Activity)
Sample  220:    0 cycles (Victim Activity)
Sample  221:    0 cycles (Victim Activity)
Sample  222:    0 cycles (Victim Activity)
Sample  223:    0 cycles (Victim Activity)
Sample  224:    0 cycles (Victim Activity)
Sample  225:    0 cycles (Victim Activity)
Sample  226:    0 cycles (Victim Activity)
Sample  227:    0 cycles (Victim Activity)
Sample  228:    0 cycles (Victim Activity)
Sample  229:    0 cycles (Victim Activity)
Sample  230:    0 cycles (Victim Activity)
Sample  231:    0 cycles (Victim Activity)
Sample  232:    0 cycles (Victim Activity)
Sample  233:    0 cycles (Victim Activity)
Sample  234:    0 cycles (Victim Activity)
Sample  235:    0 cycles (Victim Activity)
Sample  236:    0 cycles (Victim Activity)
Sample  237:    0 cycles (Victim Activity)
Sample  238:    0 cycles (Victim Activity)
Sample  239:    0 cycles (Victim Activity)
Sample  240:    0 cycles (Victim Activity)
Sample  241:    0 cycles (Victim Activity)
Sample  242:    0 cycles (Victim Activity)
Sample  243:    0 cycles (Victim Activity)
Sample  244:    0 cycles (Victim Activity)
Sample  245:    0 cycles (Victim Activity)
Sample  246:    0 cycles (Victim Activity)
Sample  247:    0 cycles (Victim Activity)
Sample  248:    0 cycles (Victim Activity)
Sample  249:    0 cycles (Victim Activity)
Sample  250:    0 cycles (Victim Activity)
Sample  251:    0 cycles (Victim Activity)
Sample  252:    0 cycles (Victim Activity)
Sample  253:    0 cycles (Victim Activity)
Sample  254:    0 cycles (Victim Activity)
Sample  255:    0 cycles (Victim Activity)
Sample  256:    0 cycles (Victim Activity)
Sample  257:    0 cycles (Victim Activity)
Sample  258:    0 cycles (Victim Activity)
Sample  259:    0 cycles (Victim Activity)
Sample  260:    0 cycles (Victim Activity)
Sample  261:    0 cycles (Victim Activity)
Sample  262:    0 cycles (Victim Activity)
Sample  263:    0 cycles (Victim Activity)
Sample  264:    0 cycles (Victim Activity)
Sample  265:    0 cycles (Victim Activity)
Sample  266:    0 cycles (Victim Activity)
Sample  267:    0 cycles (Victim Activity)
Sample  268:    0 cycles (Victim Activity)
Sample  269:    0 cycles (Victim Activity)
Sample  270:    0 cycles (Victim Activity)
Sample  271:    0 cycles (Victim Activity)
Sample  272:    0 cycles (Victim Activity)
Sample  273:    0 cycles (Victim Activity)
Sample  274:    0 cycles (Victim Activity)
Sample  275:    0 cycles (Victim Activity)
Sample  276:    0 cycles (Victim Activity)
Sample  277:    0 cycles (Victim Activity)
Sample  278:    0 cycles (Victim Activity)
Sample  279:    0 cycles (Victim Activity)
Sample  280:    0 cycles (Victim Activity)
Sample  281:    0 cycles (Victim Activity)
Sample  282:    0 cycles (Victim Activity)
Sample  283:    0 cycles (Victim Activity)
Sample  284:    0 cycles (Victim Activity)
Sample  285:    0 cycles (Victim Activity)
Sample  286:    0 cycles (Victim Activity)
Sample  287:    0 cycles (Victim Activity)
Sample  288:    0 cycles (Victim Activity)
Sample  289:    0 cycles (Victim Activity)
Sample  290:    0 cycles (Victim Activity)
Sample  291:    0 cycles (Victim Activity)
Sample  292:    0 cycles (Victim Activity)
Sample  293:    0 cycles (Victim Activity)
Sample  294:    0 cycles (Victim Activity)
Sample  295:    0 cycles (Victim Activity)
Sample  296:    0 cycles (Victim Activity)
Sample  297:    0 cycles (Victim Activity)
Sample  298:    0 cycles (Victim Activity)
Sample  299:    0 cycles (Victim Activity)
Sample  300:    0 cycles (Victim Activity)
Sample  301:    0 cycles (Victim Activity)
Sample  302:    0 cycles (Victim Activity)
Sample  303:    0 cycles (Victim Activity)
Sample  304:    0 cycles (Victim Activity)
Sample  305:    0 cycles (Victim Activity)
Sample  306:    0 cycles (Victim Activity)
Sample  307:    0 cycles (Victim Activity)
Sample  308:    0 cycles (Victim Activity)
Sample  309:    0 cycles (Victim Activity)
Sample  310:    0 cycles (Victim Activity)
Sample  311:    0 cycles (Victim Activity)
Sample  312:    0 cycles (Victim Activity)
Sample  313:    0 cycles (Victim Activity)
Sample  314:    0 cycles (Victim Activity)
Sample  315:    0 cycles (Victim Activity)
Sample  316:    0 cycles (Victim Activity)
Sample  317:    0 cycles (Victim Activity)
Sample  318:    0 cycles (Victim Activity)
Sample  319:    0 cycles (Victim Activity)
Sample  320:    0 cycles (Victim Activity)
Sample  321:    0 cycles (Victim Activity)
Sample  322:    0 cycles (Victim Activity)
Sample  323:    0 cycles (Victim Activity)
Sample  324:    0 cycles (Victim Activity)
Sample  325:    0 cycles (Victim Activity)
Sample  326:    0 cycles (Victim Activity)
Sample  327:    0 cycles (Victim Activity)
Sample  328:    0 cycles (Victim Activity)
Sample  329:    0 cycles (Victim Activity)
Sample  330:    0 cycles (Victim Activity)
Sample  331:    0 cycles (Victim Activity)
Sample  332:    0 cycles (Victim Activity)
Sample  333:    0 cycles (Victim Activity)
Sample  334:    0 cycles (Victim Activity)
Sample  335:    0 cycles (Victim Activity)
Sample  336:    0 cycles (Victim Activity)
Sample  337:    0 cycles (Victim Activity)
Sample  338:    0 cycles (Victim Activity)
Sample  339:    0 cycles (Victim Activity)
Sample  340:    0 cycles (Victim Activity)
Sample  341:    0 cycles (Victim Activity)
Sample  342:    0 cycles (Victim Activity)
Sample  343:    0 cycles (Victim Activity)
Sample  344:    0 cycles (Victim Activity)
Sample  345:    0 cycles (Victim Activity)
Sample  346:    0 cycles (Victim Activity)
Sample  347:    0 cycles (Victim Activity)
Sample  348:    0 cycles (Victim Activity)
Sample  349:    0 cycles (Victim Activity)
Sample  350:    0 cycles (Victim Activity)
Sample  351:    0 cycles (Victim Activity)
Sample  352:    0 cycles (Victim Activity)
Sample  353:    0 cycles (Victim Activity)
Sample  354:    0 cycles (Victim Activity)
Sample  355:    0 cycles (Victim Activity)
Sample  356:    0 cycles (Victim Activity)
Sample  357:    0 cycles (Victim Activity)
Sample  358:    0 cycles (Victim Activity)
Sample  359:    0 cycles (Victim Activity)
Sample  360:    0 cycles (Victim Activity)
Sample  361:    0 cycles (Victim Activity)
Sample  362:    0 cycles (Victim Activity)
Sample  363:    0 cycles (Victim Activity)
Sample  364:    0 cycles (Victim Activity)
Sample  365:    0 cycles (Victim Activity)
Sample  366:    0 cycles (Victim Activity)
Sample  367:    0 cycles (Victim Activity)
Sample  368:    0 cycles (Victim Activity)
Sample  369:    0 cycles (Victim Activity)
Sample  370:    0 cycles (Victim Activity)
Sample  371:    0 cycles (Victim Activity)
Sample  372:    0 cycles (Victim Activity)
Sample  373:    0 cycles (Victim Activity)
Sample  374:    0 cycles (Victim Activity)
Sample  375:    0 cycles (Victim Activity)
Sample  376:    0 cycles (Victim Activity)
Sample  377:    0 cycles (Victim Activity)
Sample  378:    0 cycles (Victim Activity)
Sample  379:    0 cycles (Victim Activity)
Sample  380:    0 cycles (Victim Activity)
Sample  381:    0 cycles (Victim Activity)
Sample  382:    0 cycles (Victim Activity)
Sample  383:    0 cycles (Victim Activity)
Sample  384:    0 cycles (Victim Activity)
Sample  385:    0 cycles (Victim Activity)
Sample  386:    0 cycles (Victim Activity)
Sample  387:    0 cycles (Victim Activity)
Sample  388:    0 cycles (Victim Activity)
Sample  389:    0 cycles (Victim Activity)
Sample  390:    0 cycles (Victim Activity)
Sample  391:    0 cycles (Victim Activity)
Sample  392:    0 cycles (Victim Activity)
Sample  393:    0 cycles (Victim Activity)
Sample  394:    0 cycles (Victim Activity)
Sample  395:    0 cycles (Victim Activity)
Sample  396:    0 cycles (Victim Activity)
Sample  397:    0 cycles (Victim Activity)
Sample  398:    0 cycles (Victim Activity)
Sample  399:    0 cycles (Victim Activity)
Sample  400:    0 cycles (Victim Activity)
Sample  401:    0 cycles (Victim Activity)
Sample  402:    0 cycles (Victim Activity)
Sample  403:    0 cycles (Victim Activity)
Sample  404:    0 cycles (Victim Activity)
Sample  405:    0 cycles (Victim Activity)
Sample  406:    0 cycles (Victim Activity)
Sample  407:    0 cycles (Victim Activity)
Sample  408:    0 cycles (Victim Activity)
Sample  409:    0 cycles (Victim Activity)
Sample  410:    0 cycles (Victim Activity)
Sample  411:    0 cycles (Victim Activity)
Sample  412:    0 cycles (Victim Activity)
Sample  413:    0 cycles (Victim Activity)
Sample  414:    0 cycles (Victim Activity)
Sample  415:    0 cycles (Victim Activity)
Sample  416:    0 cycles (Victim Activity)
Sample  417:    0 cycles (Victim Activity)
Sample  418:    0 cycles (Victim Activity)
Sample  419:    0 cycles (Victim Activity)
Sample  420:    0 cycles (Victim Activity)
Sample  421:    0 cycles (Victim Activity)
Sample  422:    0 cycles (Victim Activity)
Sample  423:    0 cycles (Victim Activity)
Sample  424:    0 cycles (Victim Activity)
Sample  425:    0 cycles (Victim Activity)
Sample  426:    0 cycles (Victim Activity)
Sample  427:    0 cycles (Victim Activity)
Sample  428:    0 cycles (Victim Activity)
Sample  429:    0 cycles (Victim Activity)
Sample  430:    0 cycles (Victim Activity)
Sample  431:    0 cycles (Victim Activity)
Sample  432:    0 cycles (Victim Activity)
Sample  433:    0 cycles (Victim Activity)
Sample  434:    0 cycles (Victim Activity)
Sample  435:    0 cycles (Victim Activity)
Sample  436:    0 cycles (Victim Activity)
Sample  437:    0 cycles (Victim Activity)
Sample  438:    0 cycles (Victim Activity)
Sample  439:    0 cycles (Victim Activity)
Sample  440:    0 cycles (Victim Activity)
Sample  441:    0 cycles (Victim Activity)
Sample  442:    0 cycles (Victim Activity)
Sample  443:    0 cycles (Victim Activity)
Sample  444:    0 cycles (Victim Activity)
Sample  445:    0 cycles (Victim Activity)
Sample  446:    0 cycles (Victim Activity)
Sample  447:    0 cycles (Victim Activity)
Sample  448:    0 cycles (Victim Activity)
Sample  449:    0 cycles (Victim Activity)
Sample  450:    0 cycles (Victim Activity)
Sample  451:    0 cycles (Victim Activity)
Sample  452:    0 cycles (Victim Activity)
Sample  453:    0 cycles (Victim Activity)
Sample  454:    0 cycles (Victim Activity)
Sample  455:    0 cycles (Victim Activity)
Sample  456:    0 cycles (Victim Activity)
Sample  457:    0 cycles (Victim Activity)
Sample  458:    0 cycles (Victim Activity)
Sample  459:    0 cycles (Victim Activity)
Sample  460:    0 cycles (Victim Activity)
Sample  461:    0 cycles (Victim Activity)
Sample  462:    0 cycles (Victim Activity)
Sample  463:    0 cycles (Victim Activity)
Sample  464:    0 cycles (Victim Activity)
Sample  465:    0 cycles (Victim Activity)
Sample  466:    0 cycles (Victim Activity)
Sample  467:    0 cycles (Victim Activity)
Sample  468:    0 cycles (Victim Activity)
Sample  469:    0 cycles (Victim Activity)
Sample  470:    0 cycles (Victim Activity)
Sample  471:    0 cycles (Victim Activity)
Sample  472:    0 cycles (Victim Activity)
Sample  473:    0 cycles (Victim Activity)
Sample  474:    0 cycles (Victim Activity)
Sample  475:    0 cycles (Victim Activity)
Sample  476:    0 cycles (Victim Activity)
Sample  477:    0 cycles (Victim Activity)
Sample  478:    0 cycles (Victim Activity)
Sample  479:    0 cycles (Victim Activity)
Sample  480:    0 cycles (Victim Activity)
Sample  481:    0 cycles (Victim Activity)
Sample  482:    0 cycles (Victim Activity)
Sample  483:    0 cycles (Victim Activity)
Sample  484:    0 cycles (Victim Activity)
Sample  485:    0 cycles (Victim Activity)
Sample  486:    0 cycles (Victim Activity)
Sample  487:    0 cycles (Victim Activity)
Sample  488:    0 cycles (Victim Activity)
Sample  489:    0 cycles (Victim Activity)
Sample  490:    0 cycles (Victim Activity)
Sample  491:    0 cycles (Victim Activity)
Sample  492:    0 cycles (Victim Activity)
Sample  493:    0 cycles (Victim Activity)
Sample  494:    0 cycles (Victim Activity)
Sample  495:    0 cycles (Victim Activity)
Sample  496:    0 cycles (Victim Activity)
Sample  497:    0 cycles (Victim Activity)
Sample  498:    0 cycles (Victim Activity)
Sample  499:    0 cycles (Victim Activity)
Sample  500:    0 cycles (Victim Activity)
Sample  501:    0 cycles (Victim Activity)
Sample  502:    0 cycles (Victim Activity)
Sample  503:    0 cycles (Victim Activity)
Sample  504:    0 cycles (Victim Activity)
Sample  505:    0 cycles (Victim Activity)
Sample  506:    0 cycles (Victim Activity)
Sample  507:    0 cycles (Victim Activity)
Sample  508:    0 cycles (Victim Activity)
Sample  509:    0 cycles (Victim Activity)
Sample  510:    0 cycles (Victim Activity)
Sample  511:    0 cycles (Victim Activity)
Sample  512:    0 cycles (Victim Activity)
Sample  513:    0 cycles (Victim Activity)
Sample  514:    0 cycles (Victim Activity)
Sample  515:    0 cycles (Victim Activity)
Sample  516:    0 cycles (Victim Activity)
Sample  517:    0 cycles (Victim Activity)
Sample  518:    0 cycles (Victim Activity)
Sample  519:    0 cycles (Victim Activity)
Sample  520:    0 cycles (Victim Activity)
Sample  521:    0 cycles (Victim Activity)
Sample  522:    0 cycles (Victim Activity)
Sample  523:    0 cycles (Victim Activity)
Sample  524:    0 cycles (Victim Activity)
Sample  525:    0 cycles (Victim Activity)
Sample  526:    0 cycles (Victim Activity)
Sample  527:    0 cycles (Victim Activity)
Sample  528:    0 cycles (Victim Activity)
Sample  529:    0 cycles (Victim Activity)
Sample  530:    0 cycles (Victim Activity)
Sample  531:    0 cycles (Victim Activity)
Sample  532:    0 cycles (Victim Activity)
Sample  533:    0 cycles (Victim Activity)
Sample  534:    0 cycles (Victim Activity)
Sample  535:    0 cycles (Victim Activity)
Sample  536:    0 cycles (Victim Activity)
Sample  537:    0 cycles (Victim Activity)
Sample  538:    0 cycles (Victim Activity)
Sample  539:    0 cycles (Victim Activity)
Sample  540:    0 cycles (Victim Activity)
Sample  541:    0 cycles (Victim Activity)
Sample  542:    0 cycles (Victim Activity)
Sample  543:    0 cycles (Victim Activity)
Sample  544:    0 cycles (Victim Activity)
Sample  545:    0 cycles (Victim Activity)
Sample  546:    0 cycles (Victim Activity)
Sample  547:    0 cycles (Victim Activity)
Sample  548:    0 cycles (Victim Activity)
Sample  549:    0 cycles (Victim Activity)
Sample  550:    0 cycles (Victim Activity)
Sample  551:    0 cycles (Victim Activity)
Sample  552:    0 cycles (Victim Activity)
Sample  553:    0 cycles (Victim Activity)
Sample  554:    0 cycles (Victim Activity)
Sample  555:    0 cycles (Victim Activity)
Sample  556:    0 cycles (Victim Activity)
Sample  557:    0 cycles (Victim Activity)
Sample  558:    0 cycles (Victim Activity)
Sample  559:    0 cycles (Victim Activity)
Sample  560:    0 cycles (Victim Activity)
Sample  561:    0 cycles (Victim Activity)
Sample  562:    0 cycles (Victim Activity)
Sample  563:    0 cycles (Victim Activity)
Sample  564:    0 cycles (Victim Activity)
Sample  565:    0 cycles (Victim Activity)
Sample  566:    0 cycles (Victim Activity)
Sample  567:    0 cycles (Victim Activity)
Sample  568:    0 cycles (Victim Activity)
Sample  569:    0 cycles (Victim Activity)
Sample  570:    0 cycles (Victim Activity)
Sample  571:    0 cycles (Victim Activity)
Sample  572:    0 cycles (Victim Activity)
Sample  573:    0 cycles (Victim Activity)
Sample  574:    0 cycles (Victim Activity)
Sample  575:    0 cycles (Victim Activity)
Sample  576:    0 cycles (Victim Activity)
Sample  577:    0 cycles (Victim Activity)
Sample  578:    0 cycles (Victim Activity)
Sample  579:    0 cycles (Victim Activity)
Sample  580:    0 cycles (Victim Activity)
Sample  581:    0 cycles (Victim Activity)
Sample  582:    0 cycles (Victim Activity)
Sample  583:    0 cycles (Victim Activity)
Sample  584:    0 cycles (Victim Activity)
Sample  585:    0 cycles (Victim Activity)
Sample  586:    0 cycles (Victim Activity)
Sample  587:    0 cycles (Victim Activity)
Sample  588:    0 cycles (Victim Activity)
Sample  589:    0 cycles (Victim Activity)
Sample  590:    0 cycles (Victim Activity)
Sample  591:    0 cycles (Victim Activity)
Sample  592:    0 cycles (Victim Activity)
Sample  593:    0 cycles (Victim Activity)
Sample  594:    0 cycles (Victim Activity)
Sample  595:    0 cycles (Victim Activity)
Sample  596:    0 cycles (Victim Activity)
Sample  597:    0 cycles (Victim Activity)
Sample  598:    0 cycles (Victim Activity)
Sample  599:    0 cycles (Victim Activity)
Sample  600:    0 cycles (Victim Activity)
Sample  601:    0 cycles (Victim Activity)
Sample  602:    0 cycles (Victim Activity)
Sample  603:    0 cycles (Victim Activity)
Sample  604:    0 cycles (Victim Activity)
Sample  605:    0 cycles (Victim Activity)
Sample  606:    0 cycles (Victim Activity)
Sample  607:    0 cycles (Victim Activity)
Sample  608:    0 cycles (Victim Activity)
Sample  609:    0 cycles (Victim Activity)
Sample  610:    0 cycles (Victim Activity)
Sample  611:    0 cycles (Victim Activity)
Sample  612:    0 cycles (Victim Activity)
Sample  613:    0 cycles (Victim Activity)
Sample  614:    0 cycles (Victim Activity)
Sample  615:    0 cycles (Victim Activity)
Sample  616:    0 cycles (Victim Activity)
Sample  617:    0 cycles (Victim Activity)
Sample  618:    0 cycles (Victim Activity)
Sample  619:    0 cycles (Victim Activity)
Sample  620:    0 cycles (Victim Activity)
Sample  621:    0 cycles (Victim Activity)
Sample  622:    0 cycles (Victim Activity)
Sample  623:    0 cycles (Victim Activity)
Sample  624:    0 cycles (Victim Activity)
Sample  625:    0 cycles (Victim Activity)
Sample  626:    0 cycles (Victim Activity)
Sample  627:    0 cycles (Victim Activity)
Sample  628:    0 cycles (Victim Activity)
Sample  629:    0 cycles (Victim Activity)
Sample  630:    0 cycles (Victim Activity)
Sample  631:    0 cycles (Victim Activity)
Sample  632:    0 cycles (Victim Activity)
Sample  633:    0 cycles (Victim Activity)
Sample  634:    0 cycles (Victim Activity)
Sample  635:    0 cycles (Victim Activity)
Sample  636:    0 cycles (Victim Activity)
Sample  637:    0 cycles (Victim Activity)
Sample  638:    0 cycles (Victim Activity)
Sample  639:    0 cycles (Victim Activity)
Sample  640:    0 cycles (Victim Activity)
Sample  641:    0 cycles (Victim Activity)
Sample  642:    0 cycles (Victim Activity)
Sample  643:    0 cycles (Victim Activity)
Sample  644:    0 cycles (Victim Activity)
Sample  645:    0 cycles (Victim Activity)
Sample  646:    0 cycles (Victim Activity)
Sample  647:    0 cycles (Victim Activity)
Sample  648:    0 cycles (Victim Activity)
Sample  649:    0 cycles (Victim Activity)
Sample  650:    0 cycles (Victim Activity)
Sample  651:    0 cycles (Victim Activity)
Sample  652:    0 cycles (Victim Activity)
Sample  653:    0 cycles (Victim Activity)
Sample  654:    0 cycles (Victim Activity)
Sample  655:    0 cycles (Victim Activity)
Sample  656:    0 cycles (Victim Activity)
Sample  657:    0 cycles (Victim Activity)
Sample  658:    0 cycles (Victim Activity)
Sample  659:    0 cycles (Victim Activity)
Sample  660:    0 cycles (Victim Activity)
Sample  661:    0 cycles (Victim Activity)
Sample  662:    0 cycles (Victim Activity)
Sample  663:    0 cycles (Victim Activity)
Sample  664:    0 cycles (Victim Activity)
Sample  665:    0 cycles (Victim Activity)
Sample  666:    0 cycles (Victim Activity)
Sample  667:    0 cycles (Victim Activity)
Sample  668:    0 cycles (Victim Activity)
Sample  669:    0 cycles (Victim Activity)
Sample  670:    0 cycles (Victim Activity)
Sample  671:    0 cycles (Victim Activity)
Sample  672:    0 cycles (Victim Activity)
Sample  673:    0 cycles (Victim Activity)
Sample  674:    0 cycles (Victim Activity)
Sample  675:    0 cycles (Victim Activity)
Sample  676:    0 cycles (Victim Activity)
Sample  677:    0 cycles (Victim Activity)
Sample  678:    0 cycles (Victim Activity)
Sample  679:    0 cycles (Victim Activity)
Sample  680:    0 cycles (Victim Activity)
Sample  681:    0 cycles (Victim Activity)
Sample  682:    0 cycles (Victim Activity)
Sample  683:    0 cycles (Victim Activity)
Sample  684:    0 cycles (Victim Activity)
Sample  685:    0 cycles (Victim Activity)
Sample  686:    0 cycles (Victim Activity)
Sample  687:    0 cycles (Victim Activity)
Sample  688:    0 cycles (Victim Activity)
Sample  689:    0 cycles (Victim Activity)
Sample  690:    0 cycles (Victim Activity)
Sample  691:    0 cycles (Victim Activity)
Sample  692:    0 cycles (Victim Activity)
Sample  693:    0 cycles (Victim Activity)
Sample  694:    0 cycles (Victim Activity)
Sample  695:    0 cycles (Victim Activity)
Sample  696:    0 cycles (Victim Activity)
Sample  697:    0 cycles (Victim Activity)
Sample  698:    0 cycles (Victim Activity)
Sample  699:    0 cycles (Victim Activity)
Sample  700:    0 cycles (Victim Activity)
Sample  701:    0 cycles (Victim Activity)
Sample  702:    0 cycles (Victim Activity)
Sample  703:    0 cycles (Victim Activity)
Sample  704:    0 cycles (Victim Activity)
Sample  705:    0 cycles (Victim Activity)
Sample  706:    0 cycles (Victim Activity)
Sample  707:    0 cycles (Victim Activity)
Sample  708:    0 cycles (Victim Activity)
Sample  709:    0 cycles (Victim Activity)
Sample  710:    0 cycles (Victim Activity)
Sample  711:    0 cycles (Victim Activity)
Sample  712:    0 cycles (Victim Activity)
Sample  713:    0 cycles (Victim Activity)
Sample  714:    0 cycles (Victim Activity)
Sample  715:    0 cycles (Victim Activity)
Sample  716:    0 cycles (Victim Activity)
Sample  717:    0 cycles (Victim Activity)
Sample  718:    0 cycles (Victim Activity)
Sample  719:    0 cycles (Victim Activity)
Sample  720:    0 cycles (Victim Activity)
Sample  721:    0 cycles (Victim Activity)
Sample  722:    0 cycles (Victim Activity)
Sample  723:    0 cycles (Victim Activity)
Sample  724:    0 cycles (Victim Activity)
Sample  725:    0 cycles (Victim Activity)
Sample  726:    0 cycles (Victim Activity)
Sample  727:    0 cycles (Victim Activity)
Sample  728:    0 cycles (Victim Activity)
Sample  729:    0 cycles (Victim Activity)
Sample  730:    0 cycles (Victim Activity)
Sample  731:    0 cycles (Victim Activity)
Sample  732:    0 cycles (Victim Activity)
Sample  733:    0 cycles (Victim Activity)
Sample  734:    0 cycles (Victim Activity)
Sample  735:    0 cycles (Victim Activity)
Sample  736:    0 cycles (Victim Activity)
Sample  737:    0 cycles (Victim Activity)
Sample  738:    0 cycles (Victim Activity)
Sample  739:    0 cycles (Victim Activity)
Sample  740:    0 cycles (Victim Activity)
Sample  741:    0 cycles (Victim Activity)
Sample  742:    0 cycles (Victim Activity)
Sample  743:    0 cycles (Victim Activity)
Sample  744:    0 cycles (Victim Activity)
Sample  745:    0 cycles (Victim Activity)
Sample  746:    0 cycles (Victim Activity)
Sample  747:    0 cycles (Victim Activity)
Sample  748:    0 cycles (Victim Activity)
Sample  749:    0 cycles (Victim Activity)
Sample  750:    0 cycles (Victim Activity)
Sample  751:    0 cycles (Victim Activity)
Sample  752:    0 cycles (Victim Activity)
Sample  753:    0 cycles (Victim Activity)
Sample  754:    0 cycles (Victim Activity)
Sample  755:    0 cycles (Victim Activity)
Sample  756:    0 cycles (Victim Activity)
Sample  757:    0 cycles (Victim Activity)
Sample  758:    0 cycles (Victim Activity)
Sample  759:    0 cycles (Victim Activity)
Sample  760:    0 cycles (Victim Activity)
Sample  761:    0 cycles (Victim Activity)
Sample  762:    0 cycles (Victim Activity)
Sample  763:    0 cycles (Victim Activity)
Sample  764:    0 cycles (Victim Activity)
Sample  765:    0 cycles (Victim Activity)
Sample  766:    0 cycles (Victim Activity)
Sample  767:    0 cycles (Victim Activity)
Sample  768:  197 cycles (Victim Activity)
Sample  769:  136 cycles (Victim Activity)
Sample  770:   85 cycles (Victim Activity)
Sample  771:   82 cycles (Victim Activity)
Sample  772:   85 cycles (Victim Activity)
Sample  773:   81 cycles (Victim Activity)
Sample  774:   85 cycles (Victim Activity)
Sample  775:   84 cycles (Victim Activity)
Sample  776:   84 cycles (Victim Activity)
Sample  777:   85 cycles (Victim Activity)
Sample  778:   85 cycles (Victim Activity)
Sample  779:   83 cycles (Victim Activity)
Sample  780:   80 cycles (Victim Activity)
Sample  781:   79 cycles (Victim Activity)
Sample  782:   83 cycles (Victim Activity)
Sample  783:   89 cycles (Victim Activity)
Sample  784:   83 cycles (Victim Activity)
Sample  785:   84 cycles (Victim Activity)
Sample  786:   85 cycles (Victim Activity)
Sample  787:   85 cycles (Victim Activity)
Sample  788:   85 cycles (Victim Activity)
Sample  789:   92 cycles (Victim Activity)
Sample  790:   82 cycles (Victim Activity)
Sample  791:   91 cycles (Victim Activity)
Sample  792:   89 cycles (Victim Activity)
Sample  793:   87 cycles (Victim Activity)
Sample  794:   89 cycles (Victim Activity)
Sample  795:   92 cycles (Victim Activity)
Sample  796:   86 cycles (Victim Activity)
Sample  797:   85 cycles (Victim Activity)
Sample  798:   85 cycles (Victim Activity)
Sample  799:   81 cycles (Victim Activity)
Sample  800:   86 cycles (Victim Activity)
Sample  801:   81 cycles (Victim Activity)
Sample  802:   83 cycles (Victim Activity)
Sample  803:   85 cycles (Victim Activity)
Sample  804:   84 cycles (Victim Activity)
Sample  805:   83 cycles (Victim Activity)
Sample  806:   85 cycles (Victim Activity)
Sample  807:   85 cycles (Victim Activity)
Sample  808:   76 cycles (Victim Activity)
Sample  809:   77 cycles (Victim Activity)
Sample  810:   77 cycles (Victim Activity)
Sample  811:   77 cycles (Victim Activity)
Sample  812:   79 cycles (Victim Activity)
Sample  813:   85 cycles (Victim Activity)
Sample  814:   71 cycles (Victim Activity)
Sample  815:   77 cycles (Victim Activity)
Sample  816:   79 cycles (Victim Activity)
Sample  817:   93 cycles (Victim Activity)
Sample  818:   83 cycles (Victim Activity)
Sample  819:   84 cycles (Victim Activity)
Sample  820:   85 cycles (Victim Activity)
Sample  821:   79 cycles (Victim Activity)
Sample  822:   77 cycles (Victim Activity)
Sample  823:   75 cycles (Victim Activity)
Sample  824:   77 cycles (Victim Activity)
Sample  825:   77 cycles (Victim Activity)
Sample  826:   71 cycles (Victim Activity)
Sample  827:   91 cycles (Victim Activity)
Sample  828:   77 cycles (Victim Activity)
Sample  829:   85 cycles (Victim Activity)
Sample  830:   82 cycles (Victim Activity)
Sample  831:   85 cycles (Victim Activity)
Sample  832:    0 cycles (Victim Activity)
Sample  833:    0 cycles (Victim Activity)
Sample  834:    0 cycles (Victim Activity)
Sample  835:    0 cycles (Victim Activity)
Sample  836:    0 cycles (Victim Activity)
Sample  837:    0 cycles (Victim Activity)
Sample  838:    0 cycles (Victim Activity)
Sample  839:    0 cycles (Victim Activity)
Sample  840:    0 cycles (Victim Activity)
Sample  841:    0 cycles (Victim Activity)
Sample  842:    0 cycles (Victim Activity)
Sample  843:    0 cycles (Victim Activity)
Sample  844:    0 cycles (Victim Activity)
Sample  845:    0 cycles (Victim Activity)
Sample  846:    0 cycles (Victim Activity)
Sample  847:    0 cycles (Victim Activity)
Sample  848:    0 cycles (Victim Activity)
Sample  849:    0 cycles (Victim Activity)
Sample  850:    0 cycles (Victim Activity)
Sample  851:    0 cycles (Victim Activity)
Sample  852:    0 cycles (Victim Activity)
Sample  853:    0 cycles (Victim Activity)
Sample  854:    0 cycles (Victim Activity)
Sample  855:    0 cycles (Victim Activity)
Sample  856:    0 cycles (Victim Activity)
Sample  857:    0 cycles (Victim Activity)
Sample  858:    0 cycles (Victim Activity)
Sample  859:    0 cycles (Victim Activity)
Sample  860:    0 cycles (Victim Activity)
Sample  861:    0 cycles (Victim Activity)
Sample  862:    0 cycles (Victim Activity)
Sample  863:    0 cycles (Victim Activity)
Sample  864:    0 cycles (Victim Activity)
Sample  865:    0 cycles (Victim Activity)
Sample  866:    0 cycles (Victim Activity)
Sample  867:    0 cycles (Victim Activity)
Sample  868:    0 cycles (Victim Activity)
Sample  869:    0 cycles (Victim Activity)
Sample  870:    0 cycles (Victim Activity)
Sample  871:    0 cycles (Victim Activity)
Sample  872:    0 cycles (Victim Activity)
Sample  873:    0 cycles (Victim Activity)
Sample  874:    0 cycles (Victim Activity)
Sample  875:    0 cycles (Victim Activity)
Sample  876:    0 cycles (Victim Activity)
Sample  877:    0 cycles (Victim Activity)
Sample  878:    0 cycles (Victim Activity)
Sample  879:    0 cycles (Victim Activity)
Sample  880:    0 cycles (Victim Activity)
Sample  881:    0 cycles (Victim Activity)
Sample  882:    0 cycles (Victim Activity)
Sample  883:    0 cycles (Victim Activity)
Sample  884:    0 cycles (Victim Activity)
Sample  885:    0 cycles (Victim Activity)
Sample  886:    0 cycles (Victim Activity)
Sample  887:    0 cycles (Victim Activity)
Sample  888:    0 cycles (Victim Activity)
Sample  889:    0 cycles (Victim Activity)
Sample  890:    0 cycles (Victim Activity)
Sample  891:    0 cycles (Victim Activity)
Sample  892:    0 cycles (Victim Activity)
Sample  893:    0 cycles (Victim Activity)
Sample  894:    0 cycles (Victim Activity)
Sample  895:    0 cycles (Victim Activity)
Sample  896:    0 cycles (Victim Activity)
Sample  897:    0 cycles (Victim Activity)
Sample  898:    0 cycles (Victim Activity)
Sample  899:    0 cycles (Victim Activity)
Sample  900:    0 cycles (Victim Activity)
Sample  901:    0 cycles (Victim Activity)
Sample  902:    0 cycles (Victim Activity)
Sample  903:    0 cycles (Victim Activity)
Sample  904:    0 cycles (Victim Activity)
Sample  905:    0 cycles (Victim Activity)
Sample  906:    0 cycles (Victim Activity)
Sample  907:    0 cycles (Victim Activity)
Sample  908:    0 cycles (Victim Activity)
Sample  909:    0 cycles (Victim Activity)
Sample  910:    0 cycles (Victim Activity)
Sample  911:    0 cycles (Victim Activity)
Sample  912:    0 cycles (Victim Activity)
Sample  913:    0 cycles (Victim Activity)
Sample  914:    0 cycles (Victim Activity)
Sample  915:    0 cycles (Victim Activity)
Sample  916:    0 cycles (Victim Activity)
Sample  917:    0 cycles (Victim Activity)
Sample  918:    0 cycles (Victim Activity)
Sample  919:    0 cycles (Victim Activity)
Sample  920:    0 cycles (Victim Activity)
Sample  921:    0 cycles (Victim Activity)
Sample  922:    0 cycles (Victim Activity)
Sample  923:    0 cycles (Victim Activity)
Sample  924:    0 cycles (Victim Activity)
Sample  925:    0 cycles (Victim Activity)
Sample  926:    0 cycles (Victim Activity)
Sample  927:    0 cycles (Victim Activity)
Sample  928:    0 cycles (Victim Activity)
Sample  929:    0 cycles (Victim Activity)
Sample  930:    0 cycles (Victim Activity)
Sample  931:    0 cycles (Victim Activity)
Sample  932:    0 cycles (Victim Activity)
Sample  933:    0 cycles (Victim Activity)
Sample  934:    0 cycles (Victim Activity)
Sample  935:    0 cycles (Victim Activity)
Sample  936:    0 cycles (Victim Activity)
Sample  937:    0 cycles (Victim Activity)
Sample  938:    0 cycles (Victim Activity)
Sample  939:    0 cycles (Victim Activity)
Sample  940:    0 cycles (Victim Activity)
Sample  941:    0 cycles (Victim Activity)
Sample  942:    0 cycles (Victim Activity)
Sample  943:    0 cycles (Victim Activity)
Sample  944:    0 cycles (Victim Activity)
Sample  945:    0 cycles (Victim Activity)
Sample  946:    0 cycles (Victim Activity)
Sample  947:    0 cycles (Victim Activity)
Sample  948:    0 cycles (Victim Activity)
Sample  949:    0 cycles (Victim Activity)
Sample  950:    0 cycles (Victim Activity)
Sample  951:    0 cycles (Victim Activity)
Sample  952:    0 cycles (Victim Activity)
Sample  953:    0 cycles (Victim Activity)
Sample  954:    0 cycles (Victim Activity)
Sample  955:    0 cycles (Victim Activity)
Sample  956:    0 cycles (Victim Activity)
Sample  957:    0 cycles (Victim Activity)
Sample  958:    0 cycles (Victim Activity)
Sample  959:    0 cycles (Victim Activity)
Sample  960:    0 cycles (Victim Activity)
Sample  961:    0 cycles (Victim Activity)
Sample  962:    0 cycles (Victim Activity)
Sample  963:    0 cycles (Victim Activity)
Sample  964:    0 cycles (Victim Activity)
Sample  965:    0 cycles (Victim Activity)
Sample  966:    0 cycles (Victim Activity)
Sample  967:    0 cycles (Victim Activity)
Sample  968:    0 cycles (Victim Activity)
Sample  969:    0 cycles (Victim Activity)
Sample  970:    0 cycles (Victim Activity)
Sample  971:    0 cycles (Victim Activity)
Sample  972:    0 cycles (Victim Activity)
Sample  973:    0 cycles (Victim Activity)
Sample  974:    0 cycles (Victim Activity)
Sample  975:    0 cycles (Victim Activity)
Sample  976:    0 cycles (Victim Activity)
Sample  977:    0 cycles (Victim Activity)
Sample  978:    0 cycles (Victim Activity)
Sample  979:    0 cycles (Victim Activity)
Sample  980:    0 cycles (Victim Activity)
Sample  981:    0 cycles (Victim Activity)
Sample  982:    0 cycles (Victim Activity)
Sample  983:    0 cycles (Victim Activity)
Sample  984:    0 cycles (Victim Activity)
Sample  985:    0 cycles (Victim Activity)
Sample  986:    0 cycles (Victim Activity)
Sample  987:    0 cycles (Victim Activity)
Sample  988:    0 cycles (Victim Activity)
Sample  989:    0 cycles (Victim Activity)
Sample  990:    0 cycles (Victim Activity)
Sample  991:    0 cycles (Victim Activity)
Sample  992:    0 cycles (Victim Activity)
Sample  993:    0 cycles (Victim Activity)
Sample  994:    0 cycles (Victim Activity)
Sample  995:    0 cycles (Victim Activity)
Sample  996:    0 cycles (Victim Activity)
Sample  997:    0 cycles (Victim Activity)
Sample  998:    0 cycles (Victim Activity)
Sample  999:    0 cycles (Victim Activity)